============================== TASK 4 - R01 ==============================
Loading matrix from 'data/pdc_R01_10hz_auto.txt' ...
[4.1] >> Communities found using Louvain algorithm: 4

[Community 0]
Fc3. Fc4. Cp1. Fp1. Fpz. Fp2. Af7. Af3. Afz. Af4. Af8. F7.. F5.. F3.. F1.. Fz.. F2.. F4.. F6.. F8.. 

[Community 1]
Fc2. Fc6. Ft8. T8.. T10. Tp8. P7.. P5.. Pz.. P6.. P8.. Po7. Po3. Poz. Po4. Po8. O1.. O2.. Iz.. 

[Community 2]
Fc5. Fc1. Fcz. C5.. C3.. C1.. Cz.. C4.. Cp5. Cp3. Cpz. Cp6. Ft7. T7.. T9.. Tp7. P3.. P1.. 

[Community 3]
C2.. C6.. Cp2. Cp4. P2.. P4.. Oz.. 


[4.3] >> Communities found using Infomap algorithm: 2

[Community 0]
Fc3. Fc1. Fc2. Fc4. Fc6. C1.. Cz.. C2.. Cp5. Cp3. Cp1. Cpz. Cp4. Fp1. Fpz. Fp2. Af7. Af3. Afz. Af4. Af8. F7.. F5.. F3.. F1.. Fz.. F2.. F4.. F6.. F8.. Ft8. T8.. T9.. T10. Tp8. P7.. P5.. P3.. P1.. Pz.. P2.. P4.. P6.. P8.. Po7. Po3. Poz. Po4. Po8. O1.. Oz.. O2.. Iz.. 

[Community 1]
Fc5. Fcz. C5.. C3.. C4.. C6.. Cp2. Cp6. Ft7. T7.. Tp7. 

Louvain community RED: ['Fc3.', 'Fc4.', 'Cp1.', 'Fp1.', 'Fpz.', 'Fp2.', 'Af7.', 'Af3.', 'Afz.', 'Af4.', 'Af8.', 'F7..', 'F5..', 'F3..', 'F1..', 'Fz..', 'F2..', 'F4..', 'F6..', 'F8..']
Infomap community RED: ['Fc3.', 'Fc1.', 'Fc2.', 'Fc4.', 'Fc6.', 'C1..', 'Cz..', 'C2..', 'Cp5.', 'Cp3.', 'Cp1.', 'Cpz.', 'Cp4.', 'Fp1.', 'Fpz.', 'Fp2.', 'Af7.', 'Af3.', 'Afz.', 'Af4.', 'Af8.', 'F7..', 'F5..', 'F3..', 'F1..', 'Fz..', 'F2..', 'F4..', 'F6..', 'F8..', 'Ft8.', 'T8..', 'T9..', 'T10.', 'Tp8.', 'P7..', 'P5..', 'P3..', 'P1..', 'Pz..', 'P2..', 'P4..', 'P6..', 'P8..', 'Po7.', 'Po3.', 'Poz.', 'Po4.', 'Po8.', 'O1..', 'Oz..', 'O2..', 'Iz..']
Jaccard is 37.735849056603776%

Louvain community ORANGE: ['Fc2.', 'Fc6.', 'Ft8.', 'T8..', 'T10.', 'Tp8.', 'P7..', 'P5..', 'Pz..', 'P6..', 'P8..', 'Po7.', 'Po3.', 'Poz.', 'Po4.', 'Po8.', 'O1..', 'O2..', 'Iz..']
Infomap community RED: ['Fc3.', 'Fc1.', 'Fc2.', 'Fc4.', 'Fc6.', 'C1..', 'Cz..', 'C2..', 'Cp5.', 'Cp3.', 'Cp1.', 'Cpz.', 'Cp4.', 'Fp1.', 'Fpz.', 'Fp2.', 'Af7.', 'Af3.', 'Afz.', 'Af4.', 'Af8.', 'F7..', 'F5..', 'F3..', 'F1..', 'Fz..', 'F2..', 'F4..', 'F6..', 'F8..', 'Ft8.', 'T8..', 'T9..', 'T10.', 'Tp8.', 'P7..', 'P5..', 'P3..', 'P1..', 'Pz..', 'P2..', 'P4..', 'P6..', 'P8..', 'Po7.', 'Po3.', 'Poz.', 'Po4.', 'Po8.', 'O1..', 'Oz..', 'O2..', 'Iz..']
Jaccard is 35.84905660377358%

Louvain community GREEN: ['Fc5.', 'Fc1.', 'Fcz.', 'C5..', 'C3..', 'C1..', 'Cz..', 'C4..', 'Cp5.', 'Cp3.', 'Cpz.', 'Cp6.', 'Ft7.', 'T7..', 'T9..', 'Tp7.', 'P3..', 'P1..']
Infomap community RED: ['Fc3.', 'Fc1.', 'Fc2.', 'Fc4.', 'Fc6.', 'C1..', 'Cz..', 'C2..', 'Cp5.', 'Cp3.', 'Cp1.', 'Cpz.', 'Cp4.', 'Fp1.', 'Fpz.', 'Fp2.', 'Af7.', 'Af3.', 'Afz.', 'Af4.', 'Af8.', 'F7..', 'F5..', 'F3..', 'F1..', 'Fz..', 'F2..', 'F4..', 'F6..', 'F8..', 'Ft8.', 'T8..', 'T9..', 'T10.', 'Tp8.', 'P7..', 'P5..', 'P3..', 'P1..', 'Pz..', 'P2..', 'P4..', 'P6..', 'P8..', 'Po7.', 'Po3.', 'Poz.', 'Po4.', 'Po8.', 'O1..', 'Oz..', 'O2..', 'Iz..']
Jaccard is 14.516129032258064%

Louvain community GREEN: ['Fc5.', 'Fc1.', 'Fcz.', 'C5..', 'C3..', 'C1..', 'Cz..', 'C4..', 'Cp5.', 'Cp3.', 'Cpz.', 'Cp6.', 'Ft7.', 'T7..', 'T9..', 'Tp7.', 'P3..', 'P1..']
Infomap community PURPLE: ['Fc5.', 'Fcz.', 'C5..', 'C3..', 'C4..', 'C6..', 'Cp2.', 'Cp6.', 'Ft7.', 'T7..', 'Tp7.']
Jaccard is 45.0%

Louvain community PURPLE: ['C2..', 'C6..', 'Cp2.', 'Cp4.', 'P2..', 'P4..', 'Oz..']
Infomap community RED: ['Fc3.', 'Fc1.', 'Fc2.', 'Fc4.', 'Fc6.', 'C1..', 'Cz..', 'C2..', 'Cp5.', 'Cp3.', 'Cp1.', 'Cpz.', 'Cp4.', 'Fp1.', 'Fpz.', 'Fp2.', 'Af7.', 'Af3.', 'Afz.', 'Af4.', 'Af8.', 'F7..', 'F5..', 'F3..', 'F1..', 'Fz..', 'F2..', 'F4..', 'F6..', 'F8..', 'Ft8.', 'T8..', 'T9..', 'T10.', 'Tp8.', 'P7..', 'P5..', 'P3..', 'P1..', 'Pz..', 'P2..', 'P4..', 'P6..', 'P8..', 'Po7.', 'Po3.', 'Poz.', 'Po4.', 'Po8.', 'O1..', 'Oz..', 'O2..', 'Iz..']
Jaccard is 9.090909090909092%

Louvain community PURPLE: ['C2..', 'C6..', 'Cp2.', 'Cp4.', 'P2..', 'P4..', 'Oz..']
Infomap community PURPLE: ['Fc5.', 'Fcz.', 'C5..', 'C3..', 'C4..', 'C6..', 'Cp2.', 'Cp6.', 'Ft7.', 'T7..', 'Tp7.']
Jaccard is 12.5%


============================== TASK 4 - R02 ==============================
Loading matrix from 'data/pdc_R02_10hz_auto.txt' ...
[4.1] >> Communities found using Louvain algorithm: 5

[Community 0]
Fc5. Fc3. Fc1. C5.. C3.. Cp5. Cp3. Af7. F7.. F5.. F3.. F1.. Ft7. T7.. T9.. Tp7. P3.. O1.. 

[Community 1]
Fc2. Ft8. T10. Tp8. P7.. P5.. Pz.. P4.. P6.. P8.. Po7. Po3. Poz. Po4. Po8. Oz.. O2.. 

[Community 2]
Fcz. Fc4. Fp1. Fpz. Fp2. Af4. Af8. Fz.. F2.. F4.. F6.. F8.. Iz.. 

[Community 3]
C1.. Cz.. C2.. C4.. C6.. Cp6. Afz. T8.. 

[Community 4]
Fc6. Cp1. Cpz. Cp2. Cp4. Af3. P1.. P2.. 

[4.3] >> Communities found using Infomap algorithm: 3

[Community 0]
Fc1. Fcz. Fc2. Fc4. Fc6. C5.. C3.. C1.. C2.. Cp5. Cp3. Cp1. Cp2. Cp4. Fpz. Fp2. Af3. Afz. Af4. Af8. F3.. F1.. Fz.. F2.. F4.. F6.. F8.. Ft8. T10. Tp8. P7.. P5.. P3.. P1.. Pz.. P2.. P4.. P6.. P8.. Po7. Po3. Poz. Po4. Po8. O1.. Oz.. O2.. Iz.. 

[Community 1]
Fc5. Fc3. Fp1. Af7. F7.. F5.. Ft7. T7.. T9.. Tp7. 

[Community 2]
Cz.. C4.. C6.. Cpz. Cp6. T8.. 

Louvain community RED : ['Fc5.', 'Fc3.', 'Fc1.', 'C5..', 'C3..', 'Cp5.', 'Cp3.', 'Af7.', 'F7..', 'F5..', 'F3..', 'F1..', 'Ft7.', 'T7..', 'T9..', 'Tp7.', 'P3..', 'O1..']
Infomap community RED: ['Fc1.', 'Fcz.', 'Fc2.', 'Fc4.', 'Fc6.', 'C5..', 'C3..', 'C1..', 'C2..', 'Cp5.', 'Cp3.', 'Cp1.', 'Cp2.', 'Cp4.', 'Fpz.', 'Fp2.', 'Af3.', 'Afz.', 'Af4.', 'Af8.', 'F3..', 'F1..', 'Fz..', 'F2..', 'F4..', 'F6..', 'F8..', 'Ft8.', 'T10.', 'Tp8.', 'P7..', 'P5..', 'P3..', 'P1..', 'Pz..', 'P2..', 'P4..', 'P6..', 'P8..', 'Po7.', 'Po3.', 'Poz.', 'Po4.', 'Po8.', 'O1..', 'Oz..', 'O2..', 'Iz..']
Jaccard is 15.789473684210526%

Louvain community RED: ['Fc5.', 'Fc3.', 'Fc1.', 'C5..', 'C3..', 'Cp5.', 'Cp3.', 'Af7.', 'F7..', 'F5..', 'F3..', 'F1..', 'Ft7.', 'T7..', 'T9..', 'Tp7.', 'P3..', 'O1..']
Infomap community YELLOW: ['Fc5.', 'Fc3.', 'Fp1.', 'Af7.', 'F7..', 'F5..', 'Ft7.', 'T7..', 'T9..', 'Tp7.']
Jaccard is 47.36842105263158%

Louvain community ORANGE: ['Fc2.', 'Ft8.', 'T10.', 'Tp8.', 'P7..', 'P5..', 'Pz..', 'P4..', 'P6..', 'P8..', 'Po7.', 'Po3.', 'Poz.', 'Po4.', 'Po8.', 'Oz..', 'O2..']
Infomap community RED: ['Fc1.', 'Fcz.', 'Fc2.', 'Fc4.', 'Fc6.', 'C5..', 'C3..', 'C1..', 'C2..', 'Cp5.', 'Cp3.', 'Cp1.', 'Cp2.', 'Cp4.', 'Fpz.', 'Fp2.', 'Af3.', 'Afz.', 'Af4.', 'Af8.', 'F3..', 'F1..', 'Fz..', 'F2..', 'F4..', 'F6..', 'F8..', 'Ft8.', 'T10.', 'Tp8.', 'P7..', 'P5..', 'P3..', 'P1..', 'Pz..', 'P2..', 'P4..', 'P6..', 'P8..', 'Po7.', 'Po3.', 'Poz.', 'Po4.', 'Po8.', 'O1..', 'Oz..', 'O2..', 'Iz..']
Jaccard is 35.416666666666664%

Louvain community YELLOW: ['Fcz.', 'Fc4.', 'Fp1.', 'Fpz.', 'Fp2.', 'Af4.', 'Af8.', 'Fz..', 'F2..', 'F4..', 'F6..', 'F8..', 'Iz..']
Infomap community RED: ['Fc1.', 'Fcz.', 'Fc2.', 'Fc4.', 'Fc6.', 'C5..', 'C3..', 'C1..', 'C2..', 'Cp5.', 'Cp3.', 'Cp1.', 'Cp2.', 'Cp4.', 'Fpz.', 'Fp2.', 'Af3.', 'Afz.', 'Af4.', 'Af8.', 'F3..', 'F1..', 'Fz..', 'F2..', 'F4..', 'F6..', 'F8..', 'Ft8.', 'T10.', 'Tp8.', 'P7..', 'P5..', 'P3..', 'P1..', 'Pz..', 'P2..', 'P4..', 'P6..', 'P8..', 'Po7.', 'Po3.', 'Poz.', 'Po4.', 'Po8.', 'O1..', 'Oz..', 'O2..', 'Iz..']
Jaccard is 24.489795918367346%

Louvain community YELLOW: ['Fcz.', 'Fc4.', 'Fp1.', 'Fpz.', 'Fp2.', 'Af4.', 'Af8.', 'Fz..', 'F2..', 'F4..', 'F6..', 'F8..', 'Iz..']
Infomap community YELLOW: ['Fc5.', 'Fc3.', 'Fp1.', 'Af7.', 'F7..', 'F5..', 'Ft7.', 'T7..', 'T9..', 'Tp7.']
Jaccard is 4.545454545454546%

Louvain community GREEN: ['C1..', 'Cz..', 'C2..', 'C4..', 'C6..', 'Cp6.', 'Afz.', 'T8..']
Infomap community RED: ['Fc1.', 'Fcz.', 'Fc2.', 'Fc4.', 'Fc6.', 'C5..', 'C3..', 'C1..', 'C2..', 'Cp5.', 'Cp3.', 'Cp1.', 'Cp2.', 'Cp4.', 'Fpz.', 'Fp2.', 'Af3.', 'Afz.', 'Af4.', 'Af8.', 'F3..', 'F1..', 'Fz..', 'F2..', 'F4..', 'F6..', 'F8..', 'Ft8.', 'T10.', 'Tp8.', 'P7..', 'P5..', 'P3..', 'P1..', 'Pz..', 'P2..', 'P4..', 'P6..', 'P8..', 'Po7.', 'Po3.', 'Poz.', 'Po4.', 'Po8.', 'O1..', 'Oz..', 'O2..', 'Iz..']
Jaccard is 5.660377358490566%

Louvain community GREEN: ['C1..', 'Cz..', 'C2..', 'C4..', 'C6..', 'Cp6.', 'Afz.', 'T8..']
Infomap community PURPLE: ['Cz..', 'C4..', 'C6..', 'Cpz.', 'Cp6.', 'T8..']
Jaccard is 55.55555555555556%

Louvain community PURPLE: ['Fc6.', 'Cp1.', 'Cpz.', 'Cp2.', 'Cp4.', 'Af3.', 'P1..', 'P2..']
Infomap community RED: ['Fc1.', 'Fcz.', 'Fc2.', 'Fc4.', 'Fc6.', 'C5..', 'C3..', 'C1..', 'C2..', 'Cp5.', 'Cp3.', 'Cp1.', 'Cp2.', 'Cp4.', 'Fpz.', 'Fp2.', 'Af3.', 'Afz.', 'Af4.', 'Af8.', 'F3..', 'F1..', 'Fz..', 'F2..', 'F4..', 'F6..', 'F8..', 'Ft8.', 'T10.', 'Tp8.', 'P7..', 'P5..', 'P3..', 'P1..', 'Pz..', 'P2..', 'P4..', 'P6..', 'P8..', 'Po7.', 'Po3.', 'Poz.', 'Po4.', 'Po8.', 'O1..', 'Oz..', 'O2..', 'Iz..']
Jaccard is 14.285714285714286%

Louvain community PURPLE: ['Fc6.', 'Cp1.', 'Cpz.', 'Cp2.', 'Cp4.', 'Af3.', 'P1..', 'P2..']
Infomap community PURPLE: ['Cz..', 'C4..', 'C6..', 'Cpz.', 'Cp6.', 'T8..']
Jaccard is 7.6923076923076925%

a